<?xml version="1.0" encoding="UTF-8"?>
<!-- Generated by org.testng.reporters.JUnitReportReporter -->
<testsuite hostname="ue-ThinkPad-L470" failures="0" tests="13" name="com.Registration.test.RegistartionTest" time="3.648" errors="0" timestamp="2022-11-30T17:39:49 IST" skipped="0">
  <testcase classname="com.Registration.test.RegistartionTest" name="url" time="0.066"/>
  <system-out/>
  <testcase classname="com.Registration.test.RegistartionTest" name="firstName" time="0.337"/>
  <system-out/>
  <testcase classname="com.Registration.test.RegistartionTest" name="lastName" time="0.315"/>
  <system-out/>
  <testcase classname="com.Registration.test.RegistartionTest" name="gender" time="0.219"/>
  <system-out/>
  <testcase classname="com.Registration.test.RegistartionTest" name="hobbies" time="0.271"/>
  <system-out/>
  <testcase classname="com.Registration.test.RegistartionTest" name="dept" time="0.451"/>
  <system-out/>
  <testcase classname="com.Registration.test.RegistartionTest" name="userName" time="0.206"/>
  <system-out/>
  <testcase classname="com.Registration.test.RegistartionTest" name="password" time="0.325"/>
  <system-out/>
  <testcase classname="com.Registration.test.RegistartionTest" name="confPass" time="0.274"/>
  <system-out/>
  <testcase classname="com.Registration.test.RegistartionTest" name="email" time="0.394"/>
  <system-out/>
  <testcase classname="com.Registration.test.RegistartionTest" name="cont_no" time="0.299"/>
  <system-out/>
  <testcase classname="com.Registration.test.RegistartionTest" name="textArea" time="0.289"/>
  <system-out/>
  <testcase classname="com.Registration.test.RegistartionTest" name="subBtn" time="0.202"/>
  <system-out/>
</testsuite> <!-- com.Registration.test.RegistartionTest -->
