<?xml version="1.0" encoding="UTF-8"?>
<!-- Generated by org.testng.reporters.JUnitReportReporter -->
<testsuite hostname="ue-ThinkPad-L470" failures="0" tests="2" name="com.RegTest.RegTest" time="3.640" errors="0" timestamp="2022-12-05T15:22:41 IST" skipped="0">
  <testcase classname="com.RegTest.RegTest" name="RegistrationTest" time="3.626"/>
  <system-out/>
  <testcase classname="com.RegTest.RegTest" name="CurrentUrl" time="0.014"/>
  <system-out/>
</testsuite> <!-- com.RegTest.RegTest -->
