<?xml version="1.0" encoding="UTF-8"?>
<!-- Generated by org.testng.reporters.JUnitReportReporter -->
<testsuite hostname="ue-ThinkPad-L470" failures="0" tests="1" name="com.Registration.test.TestReg" time="4.838" errors="0" timestamp="2022-11-29T13:57:25 IST" skipped="0">
  <testcase classname="com.Registration.test.TestReg" name="fname" time="4.838"/>
  <system-out/>
</testsuite> <!-- com.Registration.test.TestReg -->
